[2026-02-08 07:20:21,485] INFO: 📝 로그 설정 완료. 자동화 작업을 시작합니다.
[2026-02-08 07:20:21,485] INFO: 🚀 환율 정보 업데이트 시작...
[2026-02-08 07:20:21,485] INFO: 🔄 시도 1: 20260208 데이터 조회 중...
[2026-02-08 07:20:22,626] ERROR: ❌ API 요청 중 에러 발생: ('Connection aborted.', ConnectionResetError(104, 'Connection reset by peer'))
[2026-02-08 07:20:22,626] INFO: 🔄 시도 2: 20260207 데이터 조회 중...
[2026-02-08 07:20:35,073] ERROR: ❌ JSON 파싱 실패 (서버가 HTML 반환함). 응답 일부: <!DOCTYPE html PUBLIC "-//W3C//DTD XHTML 1.0 Transitional//EN" "http://www.w3.org/TR/xhtml1/DTD/xhtm
[2026-02-08 07:20:35,073] INFO: 🔄 시도 3: 20260206 데이터 조회 중...
[2026-02-08 07:20:45,076] ERROR: ❌ JSON 파싱 실패 (서버가 HTML 반환함). 응답 일부: <!DOCTYPE html PUBLIC "-//W3C//DTD XHTML 1.0 Transitional//EN" "http://www.w3.org/TR/xhtml1/DTD/xhtm
[2026-02-08 07:20:45,076] INFO: 🔄 시도 4: 20260205 데이터 조회 중...
[2026-02-08 07:20:55,075] ERROR: ❌ JSON 파싱 실패 (서버가 HTML 반환함). 응답 일부: <!DOCTYPE html PUBLIC "-//W3C//DTD XHTML 1.0 Transitional//EN" "http://www.w3.org/TR/xhtml1/DTD/xhtm
[2026-02-08 07:20:55,075] INFO: 🔄 시도 5: 20260204 데이터 조회 중...
[2026-02-08 07:21:07,075] ERROR: ❌ JSON 파싱 실패 (서버가 HTML 반환함). 응답 일부: <!DOCTYPE html PUBLIC "-//W3C//DTD XHTML 1.0 Transitional//EN" "http://www.w3.org/TR/xhtml1/DTD/xhtm
[2026-02-08 07:21:07,075] INFO: 🔄 시도 6: 20260203 데이터 조회 중...
[2026-02-08 07:21:20,074] ERROR: ❌ JSON 파싱 실패 (서버가 HTML 반환함). 응답 일부: <!DOCTYPE html PUBLIC "-//W3C//DTD XHTML 1.0 Transitional//EN" "http://www.w3.org/TR/xhtml1/DTD/xhtm
[2026-02-08 07:21:20,075] INFO: 🔄 시도 7: 20260202 데이터 조회 중...
[2026-02-08 07:21:32,075] ERROR: ❌ JSON 파싱 실패 (서버가 HTML 반환함). 응답 일부: <!DOCTYPE html PUBLIC "-//W3C//DTD XHTML 1.0 Transitional//EN" "http://www.w3.org/TR/xhtml1/DTD/xhtm
[2026-02-08 07:21:32,075] INFO: 🔄 시도 8: 20260201 데이터 조회 중...
[2026-02-08 07:21:42,073] ERROR: ❌ JSON 파싱 실패 (서버가 HTML 반환함). 응답 일부: <!DOCTYPE html PUBLIC "-//W3C//DTD XHTML 1.0 Transitional//EN" "http://www.w3.org/TR/xhtml1/DTD/xhtm
[2026-02-08 07:21:42,073] INFO: 🔄 시도 9: 20260131 데이터 조회 중...
[2026-02-08 07:21:54,076] ERROR: ❌ JSON 파싱 실패 (서버가 HTML 반환함). 응답 일부: <!DOCTYPE html PUBLIC "-//W3C//DTD XHTML 1.0 Transitional//EN" "http://www.w3.org/TR/xhtml1/DTD/xhtm
[2026-02-08 07:21:54,076] INFO: 🔄 시도 10: 20260130 데이터 조회 중...
[2026-02-08 07:22:04,073] ERROR: ❌ JSON 파싱 실패 (서버가 HTML 반환함). 응답 일부: <!DOCTYPE html PUBLIC "-//W3C//DTD XHTML 1.0 Transitional//EN" "http://www.w3.org/TR/xhtml1/DTD/xhtm
[2026-02-08 07:22:04,073] ERROR: ❌ 최근 10일간의 데이터를 찾을 수 없습니다.
[2026-02-08 07:22:04,073] WARNING: ⚠️ 저장할 데이터가 없어 종료합니다.
